<?xml version="1.0" encoding="UTF-8"?>
<!-- Generated by org.testng.reporters.JUnitXMLReporter -->
<testsuite ignored="0" hostname="DESKTOP-OIBG8HT" failures="1" tests="1" name="zumicTest(failed)" time="29.087" errors="0" timestamp="2023-10-17T18:48:48 IST">
  <testcase classname="testCases.TC_0001_Login" name="testLogin" time="15.544">
    <failure type="java.lang.AssertionError" message="Logout link is not present expected [true] but found [false]">
      <![CDATA[java.lang.AssertionError: Logout link is not present expected [true] but found [false]
at testCases.TC_0001_Login.testLogin(TC_0001_Login.java:27)
at java.base/java.util.ArrayList.forEach(ArrayList.java:1511)
... Removed 33 stack frames]]>
    </failure>
  </testcase> <!-- testLogin -->
</testsuite> <!-- zumicTest(failed) -->
