<?xml version="1.0" encoding="UTF-8"?>
<testng-results ignored="0" total="1" passed="1" failed="0" skipped="0">
  <reporter-output>
  </reporter-output>
  <suite started-at="2023-12-22T00:39:45 IST" name="zumicSuite" finished-at="2023-12-22T00:40:16 IST" duration-ms="31183">
    <groups>
      <group name="sanity">
        <method signature="TC_0001_EventCreateDelete.tesEeventCreationDeletion()[pri:0, instance:testCases.TC_0001_EventCreateDelete@3bb9a3ff]" name="tesEeventCreationDeletion" class="testCases.TC_0001_EventCreateDelete"/>
      </group> <!-- sanity -->
      <group name="master">
        <method signature="TC_0001_EventCreateDelete.tesEeventCreationDeletion()[pri:0, instance:testCases.TC_0001_EventCreateDelete@3bb9a3ff]" name="tesEeventCreationDeletion" class="testCases.TC_0001_EventCreateDelete"/>
      </group> <!-- master -->
    </groups>
    <test started-at="2023-12-22T00:39:45 IST" name="zumicTest" finished-at="2023-12-22T00:40:16 IST" duration-ms="31183">
      <class name="testCases.TC_0001_EventCreateDelete">
        <test-method is-config="true" signature="setup(java.lang.String)[pri:0, instance:testCases.TC_0001_EventCreateDelete@3bb9a3ff]" started-at="2023-12-22T00:39:45 IST" name="setup" finished-at="2023-12-22T00:40:06 IST" duration-ms="21093" status="PASS">
          <params>
            <param index="0">
              <value>
                <![CDATA[chrome]]>
              </value>
            </param>
          </params>
          <reporter-output>
          </reporter-output>
        </test-method> <!-- setup -->
        <test-method signature="tesEeventCreationDeletion()[pri:0, instance:testCases.TC_0001_EventCreateDelete@3bb9a3ff]" started-at="2023-12-22T00:40:06 IST" name="tesEeventCreationDeletion" finished-at="2023-12-22T00:40:13 IST" duration-ms="6947" status="PASS">
          <reporter-output>
          </reporter-output>
        </test-method> <!-- tesEeventCreationDeletion -->
        <test-method is-config="true" signature="tearDown()[pri:0, instance:testCases.TC_0001_EventCreateDelete@3bb9a3ff]" started-at="2023-12-22T00:40:13 IST" name="tearDown" finished-at="2023-12-22T00:40:16 IST" duration-ms="2781" status="PASS">
          <reporter-output>
          </reporter-output>
        </test-method> <!-- tearDown -->
      </class> <!-- testCases.TC_0001_EventCreateDelete -->
    </test> <!-- zumicTest -->
  </suite> <!-- zumicSuite -->
</testng-results>
