<?xml version="1.0" encoding="UTF-8"?>
<testng-results ignored="0" total="2" passed="2" failed="0" skipped="0">
  <reporter-output>
  </reporter-output>
  <suite started-at="2023-11-27T13:42:30 IST" name="zumicSuite" finished-at="2023-11-27T13:43:32 IST" duration-ms="62538">
    <groups>
      <group name="sanity">
        <method signature="TC_0001_EventCreateDelete.tesEeventCreationDeletion()[pri:0, instance:testCases.TC_0001_EventCreateDelete@408d971b]" name="tesEeventCreationDeletion" class="testCases.TC_0001_EventCreateDelete"/>
        <method signature="TC_0002_RegisterNewAdmin.testNewAdminCreation(java.lang.String,java.lang.String,java.lang.String,java.lang.String,java.lang.String,java.lang.String)[pri:0, instance:testCases.TC_0002_RegisterNewAdmin@34e9fd99]" name="testNewAdminCreation" class="testCases.TC_0002_RegisterNewAdmin"/>
      </group> <!-- sanity -->
      <group name="master">
        <method signature="TC_0001_EventCreateDelete.tesEeventCreationDeletion()[pri:0, instance:testCases.TC_0001_EventCreateDelete@408d971b]" name="tesEeventCreationDeletion" class="testCases.TC_0001_EventCreateDelete"/>
      </group> <!-- master -->
    </groups>
    <test started-at="2023-11-27T13:42:30 IST" name="zumicTest" finished-at="2023-11-27T13:43:32 IST" duration-ms="62538">
      <class name="testCases.TC_0002_RegisterNewAdmin">
        <test-method is-config="true" signature="setup(java.lang.String)[pri:0, instance:testCases.TC_0002_RegisterNewAdmin@34e9fd99]" started-at="2023-11-27T13:43:10 IST" name="setup" finished-at="2023-11-27T13:43:22 IST" duration-ms="11912" status="PASS">
          <params>
            <param index="0">
              <value>
                <![CDATA[chrome]]>
              </value>
            </param>
          </params>
          <reporter-output>
          </reporter-output>
        </test-method> <!-- setup -->
        <test-method signature="testNewAdminCreation(java.lang.String,java.lang.String,java.lang.String,java.lang.String,java.lang.String,java.lang.String)[pri:0, instance:testCases.TC_0002_RegisterNewAdmin@34e9fd99]" started-at="2023-11-27T13:43:23 IST" name="testNewAdminCreation" data-provider="NewAdminAccountData" finished-at="2023-11-27T13:43:30 IST" duration-ms="7033" status="PASS">
          <params>
            <param index="0">
              <value>
                <![CDATA[Advika]]>
              </value>
            </param>
            <param index="1">
              <value>
                <![CDATA[teknotrait.ashok+01@gmail.com]]>
              </value>
            </param>
            <param index="2">
              <value>
                <![CDATA[Advika]]>
              </value>
            </param>
            <param index="3">
              <value>
                <![CDATA[Sahu]]>
              </value>
            </param>
            <param index="4">
              <value>
                <![CDATA[!@#123Advika]]>
              </value>
            </param>
            <param index="5">
              <value>
                <![CDATA[!@#123Advika]]>
              </value>
            </param>
          </params>
          <reporter-output>
          </reporter-output>
        </test-method> <!-- testNewAdminCreation -->
        <test-method is-config="true" signature="tearDown()[pri:0, instance:testCases.TC_0002_RegisterNewAdmin@34e9fd99]" started-at="2023-11-27T13:43:30 IST" name="tearDown" finished-at="2023-11-27T13:43:32 IST" duration-ms="2645" status="PASS">
          <reporter-output>
          </reporter-output>
        </test-method> <!-- tearDown -->
      </class> <!-- testCases.TC_0002_RegisterNewAdmin -->
      <class name="testCases.TC_0001_EventCreateDelete">
        <test-method is-config="true" signature="setup(java.lang.String)[pri:0, instance:testCases.TC_0001_EventCreateDelete@408d971b]" started-at="2023-11-27T13:42:30 IST" name="setup" finished-at="2023-11-27T13:42:43 IST" duration-ms="12943" status="PASS">
          <params>
            <param index="0">
              <value>
                <![CDATA[chrome]]>
              </value>
            </param>
          </params>
          <reporter-output>
          </reporter-output>
        </test-method> <!-- setup -->
        <test-method signature="tesEeventCreationDeletion()[pri:0, instance:testCases.TC_0001_EventCreateDelete@408d971b]" started-at="2023-11-27T13:42:43 IST" name="tesEeventCreationDeletion" finished-at="2023-11-27T13:43:07 IST" duration-ms="23706" status="PASS">
          <reporter-output>
          </reporter-output>
        </test-method> <!-- tesEeventCreationDeletion -->
        <test-method is-config="true" signature="tearDown()[pri:0, instance:testCases.TC_0001_EventCreateDelete@408d971b]" started-at="2023-11-27T13:43:07 IST" name="tearDown" finished-at="2023-11-27T13:43:10 IST" duration-ms="3086" status="PASS">
          <reporter-output>
          </reporter-output>
        </test-method> <!-- tearDown -->
      </class> <!-- testCases.TC_0001_EventCreateDelete -->
    </test> <!-- zumicTest -->
  </suite> <!-- zumicSuite -->
</testng-results>
