<?xml version="1.0" encoding="UTF-8"?>
<!-- Generated by org.testng.reporters.JUnitXMLReporter -->
<testsuite ignored="0" hostname="DESKTOP-OIBG8HT" failures="1" tests="2" name="zumicTest" time="78.819" errors="0" timestamp="2023-11-28T17:24:08 IST">
  <testcase classname="testCases.TC_0001_EventCreateDelete" name="tesEeventCreationDeletion" time="23.378"/>
  <testcase classname="testCases.TC_0002_RegisterNewAdmin" name="testNewAdminCreation" time="19.251">
    <failure type="java.lang.AssertionError" message="Test Method testNewAdminCreation in Test Script TC_0002_RegisterNewAdmin is Failed">
      <![CDATA[java.lang.AssertionError: Test Method testNewAdminCreation in Test Script TC_0002_RegisterNewAdmin is Failed
at testCases.TC_0002_RegisterNewAdmin.testNewAdminCreation(TC_0002_RegisterNewAdmin.java:57)
at java.base/java.util.ArrayList.forEach(ArrayList.java:1511)
... Removed 32 stack frames]]>
    </failure>
  </testcase> <!-- testNewAdminCreation -->
</testsuite> <!-- zumicTest -->
